0 info it worked if it ends with ok
1 verbose cli [ 'F:\\Installations\\nodejs\\node.exe',
1 verbose cli   'C:\\Users\\pussingh\\AppData\\Roaming\\npm\\node_modules\\npm\\bin\\npm-cli.js',
1 verbose cli   'run',
1 verbose cli   'test-watch' ]
2 info using npm@3.10.5
3 info using node@v6.11.0
4 verbose run-script [ 'pretest-watch', 'test-watch', 'posttest-watch' ]
5 info lifecycle node-todo-api@1.0.0~pretest-watch: node-todo-api@1.0.0
6 silly lifecycle node-todo-api@1.0.0~pretest-watch: no script for pretest-watch, continuing
7 info lifecycle node-todo-api@1.0.0~test-watch: node-todo-api@1.0.0
8 verbose lifecycle node-todo-api@1.0.0~test-watch: unsafe-perm in lifecycle true
9 verbose lifecycle node-todo-api@1.0.0~test-watch: PATH: C:\Users\pussingh\AppData\Roaming\npm\node_modules\npm\bin\node-gyp-bin;F:\node-todo-api\node_modules\.bin;F:\Installations\nodejs;C:\Users\pussingh\bin;C:\Program Files\Git\mingw64\bin;C:\Program Files\Git\usr\local\bin;C:\Program Files\Git\usr\bin;C:\Program Files\Git\usr\bin;C:\Program Files\Git\mingw64\bin;C:\Program Files\Git\usr\bin;C:\Users\pussingh\bin;F:\Installations\Java\jdk1.8.0_51\bin;C:\ProgramData\Oracle\Java\javapath;C:\Windows\system32;C:\Windows;C:\Windows\System32\Wbem;C:\Windows\System32\WindowsPowerShell\v1.0;F:\Installations\Java\jdk1.8.0_51\bin;F:\Installations\Java\jdk1.8.0_51\lib;F:\Installations\TortoiseGit\bin;C:\Program Files (x86)\Microsoft SQL Server\100\Tools\Binn;C:\Program Files\Microsoft SQL Server\100\Tools\Binn;C:\Program Files\Microsoft SQL Server\100\DTS\Binn;C:\Program Files (x86)\Microsoft SQL Server\100\Tools\Binn\VSShell\Common7\IDE;C:\Program Files (x86)\Microsoft Visual Studio 9.0\Common7\IDE\PrivateAssemblies;C:\Program Files (x86)\Microsoft SQL Server\100\DTS\Binn;C:\Program Files\TortoiseSVN\bin;C:\Program Files (x86)\Skype\Phone;C:\Program Files\Git\cmd;%NVM_HOME%;%NVM_SYMLINK%;F:\Installations\nodejs;E:\apache-maven-3.3.9\bin;F:\Microsoft VS Code\bin;C:\Users\pussingh\AppData\Roaming\nvm;C:\Program Files\nodejs;C:\Users\pussingh\AppData\Roaming\npm;C:\Program Files\Heroku\bin;C:\Program Files\Git\usr\bin\vendor_perl;C:\Program Files\Git\usr\bin\core_perl
10 verbose lifecycle node-todo-api@1.0.0~test-watch: CWD: F:\node-todo-api
11 silly lifecycle node-todo-api@1.0.0~test-watch: Args: [ '/d /s /c', 'nodemon --exec npm test' ]
12 silly lifecycle node-todo-api@1.0.0~test-watch: Returned: code: 3221225786  signal: null
13 info lifecycle node-todo-api@1.0.0~test-watch: Failed to exec test-watch script
14 verbose stack Error: node-todo-api@1.0.0 test-watch: `nodemon --exec npm test`
14 verbose stack Exit status 3221225786
14 verbose stack     at EventEmitter.<anonymous> (C:\Users\pussingh\AppData\Roaming\npm\node_modules\npm\lib\utils\lifecycle.js:242:16)
14 verbose stack     at emitTwo (events.js:106:13)
14 verbose stack     at EventEmitter.emit (events.js:191:7)
14 verbose stack     at ChildProcess.<anonymous> (C:\Users\pussingh\AppData\Roaming\npm\node_modules\npm\lib\utils\spawn.js:40:14)
14 verbose stack     at emitTwo (events.js:106:13)
14 verbose stack     at ChildProcess.emit (events.js:191:7)
14 verbose stack     at maybeClose (internal/child_process.js:891:16)
14 verbose stack     at Process.ChildProcess._handle.onexit (internal/child_process.js:226:5)
15 verbose pkgid node-todo-api@1.0.0
16 verbose cwd F:\node-todo-api
17 error Windows_NT 6.1.7601
18 error argv "F:\\Installations\\nodejs\\node.exe" "C:\\Users\\pussingh\\AppData\\Roaming\\npm\\node_modules\\npm\\bin\\npm-cli.js" "run" "test-watch"
19 error node v6.11.0
20 error npm  v3.10.5
21 error code ELIFECYCLE
22 error node-todo-api@1.0.0 test-watch: `nodemon --exec npm test`
22 error Exit status 3221225786
23 error Failed at the node-todo-api@1.0.0 test-watch script 'nodemon --exec npm test'.
23 error Make sure you have the latest version of node.js and npm installed.
23 error If you do, this is most likely a problem with the node-todo-api package,
23 error not with npm itself.
23 error Tell the author that this fails on your system:
23 error     nodemon --exec npm test
23 error You can get information on how to open an issue for this project with:
23 error     npm bugs node-todo-api
23 error Or if that isn't available, you can get their info via:
23 error     npm owner ls node-todo-api
23 error There is likely additional logging output above.
24 verbose exit [ 1, true ]
